<?xml version="1.0" encoding="UTF-8"?>
<!-- Generated by org.testng.reporters.JUnitReportReporter -->
<testsuite hostname="DESKTOP-5EVK54D" failures="0" tests="3" name="runner.CampaignRunner" time="0.417" errors="0" timestamp="2024-07-30T08:21:26 IST" skipped="0">
  <testcase classname="runner.CampaignRunner" name="runScenario" time="0.291"/>
  <system-out/>
  <testcase classname="runner.CampaignRunner" name="runScenario" time="0.074"/>
  <system-out/>
  <testcase classname="runner.CampaignRunner" name="runScenario" time="0.052"/>
  <system-out/>
</testsuite> <!-- runner.CampaignRunner -->
