<?xml version="1.0" encoding="UTF-8"?>
<!-- Generated by org.testng.reporters.JUnitReportReporter -->
<testsuite hostname="DESKTOP-5EVK54D" failures="0" tests="2" name="runner.LoginRunner" time="0.291" errors="0" timestamp="2024-07-30T06:52:27 IST" skipped="0">
  <testcase classname="runner.LoginRunner" name="runScenario" time="0.247"/>
  <system-out/>
  <testcase classname="runner.LoginRunner" name="runScenario" time="0.044"/>
  <system-out/>
</testsuite> <!-- runner.LoginRunner -->
