<?xml version="1.0" encoding="UTF-8"?>
<!-- Generated by org.testng.reporters.JUnitReportReporter -->
<testsuite hostname="DESKTOP-5EVK54D" failures="0" tests="2" name="runner.LoginRunner" time="2.361" errors="0" timestamp="2024-08-05T07:03:39 IST" skipped="0">
  <testcase classname="runner.LoginRunner" name="runScenario" time="2.204"/>
  <system-out/>
  <testcase classname="runner.LoginRunner" name="runScenario" time="0.157"/>
  <system-out/>
</testsuite> <!-- runner.LoginRunner -->
